  memoryFucker.cpp
C:\Users\ckdqj\OneDrive - 한양대학교\개인 연구\디버거\창보미의 디버겅\memoryFucker\memoryFucker\memoryFucker.cpp(35,1): warning C4244: '+=': 'SIZE_T'에서 'int'(으)로 변환하면서 데이터가 손실될 수 있습니다.
C:\Users\ckdqj\OneDrive - 한양대학교\개인 연구\디버거\창보미의 디버겅\memoryFucker\memoryFucker\memoryFucker.cpp(305,20): warning C4477: 'printf' : 서식 문자열 '%08x'에 'unsigned int' 형식의 인수가 필요하지만 variadic 인수 1의 형식이 'void *'입니다.
C:\Users\ckdqj\OneDrive - 한양대학교\개인 연구\디버거\창보미의 디버겅\memoryFucker\memoryFucker\memoryFucker.cpp(305,20): message : 이 진단은 컴파일러 생성 함수 'std::pair<std::function<void (void)>,int> Hack::make_scan_job(void *,void *,void *,std::function<bool(T,T)>,std::map<void *,std::vector<int,std::allocator<int>>,std::less<void *>,std::allocator<std::pair<void *const ,std::vector<int,std::allocator<int>>>>> &,int,int)'에서 수행되었습니다.
C:\Users\ckdqj\OneDrive - 한양대학교\개인 연구\디버거\창보미의 디버겅\memoryFucker\memoryFucker\memoryFucker.cpp(305,20): warning C4313: 'printf': 서식 문자열의 '%x'이(가) 인수 1('void *' 형식)과(와) 충돌합니다.
C:\Users\ckdqj\OneDrive - 한양대학교\개인 연구\디버거\창보미의 디버겅\memoryFucker\memoryFucker\memoryFucker.cpp(305,20): message : 이 진단은 컴파일러 생성 함수 'std::pair<std::function<void (void)>,int> Hack::make_scan_job(void *,void *,void *,std::function<bool(T,T)>,std::map<void *,std::vector<int,std::allocator<int>>,std::less<void *>,std::allocator<std::pair<void *const ,std::vector<int,std::allocator<int>>>>> &,int,int)'에서 수행되었습니다.
C:\Users\ckdqj\OneDrive - 한양대학교\개인 연구\디버거\창보미의 디버겅\memoryFucker\memoryFucker\memoryFucker.cpp(313,20): warning C4477: 'printf' : 서식 문자열 '%08x'에 'unsigned int' 형식의 인수가 필요하지만 variadic 인수 1의 형식이 'void *'입니다.
C:\Users\ckdqj\OneDrive - 한양대학교\개인 연구\디버거\창보미의 디버겅\memoryFucker\memoryFucker\memoryFucker.cpp(313,20): message : 이 진단은 컴파일러 생성 함수 'std::pair<std::function<void (void)>,int> Hack::make_scan_job(void *,void *,void *,std::function<bool(T,T)>,std::map<void *,std::vector<int,std::allocator<int>>,std::less<void *>,std::allocator<std::pair<void *const ,std::vector<int,std::allocator<int>>>>> &,int,int)'에서 수행되었습니다.
C:\Users\ckdqj\OneDrive - 한양대학교\개인 연구\디버거\창보미의 디버겅\memoryFucker\memoryFucker\memoryFucker.cpp(313,20): warning C4313: 'printf': 서식 문자열의 '%x'이(가) 인수 1('void *' 형식)과(와) 충돌합니다.
C:\Users\ckdqj\OneDrive - 한양대학교\개인 연구\디버거\창보미의 디버겅\memoryFucker\memoryFucker\memoryFucker.cpp(313,20): message : 이 진단은 컴파일러 생성 함수 'std::pair<std::function<void (void)>,int> Hack::make_scan_job(void *,void *,void *,std::function<bool(T,T)>,std::map<void *,std::vector<int,std::allocator<int>>,std::less<void *>,std::allocator<std::pair<void *const ,std::vector<int,std::allocator<int>>>>> &,int,int)'에서 수행되었습니다.
C:\Users\ckdqj\OneDrive - 한양대학교\개인 연구\디버거\창보미의 디버겅\memoryFucker\memoryFucker\memoryFucker.cpp(339,1): warning C4267: '+=': 'size_t'에서 'int'(으)로 변환하면서 데이터가 손실될 수 있습니다.
C:\Users\ckdqj\OneDrive - 한양대학교\개인 연구\디버거\창보미의 디버겅\memoryFucker\memoryFucker\memoryFucker.cpp(228,1): warning C4267: '초기화 중': 'size_t'에서 'int'(으)로 변환하면서 데이터가 손실될 수 있습니다.
C:\Users\ckdqj\OneDrive - 한양대학교\개인 연구\디버거\창보미의 디버겅\memoryFucker\memoryFucker\memoryFucker.cpp(378): message : 컴파일되는 함수 템플릿 인스턴스화 'void Hack::next_scan<char>(std::function<bool (char,char)>)'에 대한 참조를 확인하세요.
C:\Program Files (x86)\Microsoft Visual Studio\2019\Community\VC\Tools\MSVC\14.24.28314\include\chrono(632): message : 컴파일되는 클래스 템플릿 인스턴스화 'std::chrono::duration<double,std::ratio<1,1>>'에 대한 참조를 확인하세요.
C:\Program Files (x86)\Microsoft Visual Studio\2019\Community\VC\Tools\MSVC\14.24.28314\include\chrono(178): message : 컴파일되는 클래스 템플릿 인스턴스화 'std::chrono::duration<__int64,std::nano>'에 대한 참조를 확인하세요.
C:\Program Files (x86)\Microsoft Visual Studio\2019\Community\VC\Tools\MSVC\14.24.28314\include\chrono(610): message : 컴파일되는 클래스 템플릿 인스턴스화 'std::chrono::time_point<std::chrono::steady_clock,std::chrono::nanoseconds>'에 대한 참조를 확인하세요.
C:\Users\ckdqj\OneDrive - 한양대학교\개인 연구\디버거\창보미의 디버겅\memoryFucker\memoryFucker\memoryFucker.cpp(267,1): warning C4267: '초기화 중': 'size_t'에서 'int'(으)로 변환하면서 데이터가 손실될 수 있습니다.
C:\Users\ckdqj\OneDrive - 한양대학교\개인 연구\디버거\창보미의 디버겅\memoryFucker\memoryFucker\memoryFucker.cpp(385): message : 컴파일되는 함수 템플릿 인스턴스화 'void Hack::next_scan_with_multi_threading<char>(std::function<bool (char,char)>)'에 대한 참조를 확인하세요.
C:\Users\ckdqj\OneDrive - 한양대학교\개인 연구\디버거\창보미의 디버겅\memoryFucker\memoryFucker\memoryFucker.cpp(352,28): warning C4477: 'printf' : 서식 문자열 '%08x'에 'unsigned int' 형식의 인수가 필요하지만 variadic 인수 1의 형식이 'void *'입니다.
C:\Users\ckdqj\OneDrive - 한양대학교\개인 연구\디버거\창보미의 디버겅\memoryFucker\memoryFucker\memoryFucker.cpp(391): message : 컴파일되는 함수 템플릿 인스턴스화 'void Hack::print_scaned_variables_info<char>(void)'에 대한 참조를 확인하세요.
C:\Users\ckdqj\OneDrive - 한양대학교\개인 연구\디버거\창보미의 디버겅\memoryFucker\memoryFucker\memoryFucker.cpp(352,28): warning C4313: 'printf': 서식 문자열의 '%x'이(가) 인수 1('void *' 형식)과(와) 충돌합니다.
C:\Users\ckdqj\OneDrive - 한양대학교\개인 연구\디버거\창보미의 디버겅\memoryFucker\memoryFucker\memoryFucker.cpp(325,1): warning C4267: '초기화 중': 'size_t'에서 'int'(으)로 변환하면서 데이터가 손실될 수 있습니다.
C:\Users\ckdqj\OneDrive - 한양대학교\개인 연구\디버거\창보미의 디버겅\memoryFucker\memoryFucker\memoryFucker.cpp(271): message : 컴파일되는 함수 템플릿 인스턴스화 'std::vector<std::pair<std::function<void (void)>,int>,std::allocator<std::pair<std::function<void (void)>,int>>> Hack::make_second_scan_jobs<char>(std::map<void *,std::vector<int,std::allocator<int>>,std::less<void *>,std::allocator<std::pair<void *const ,std::vector<int,std::allocator<int>>>>> &,std::function<bool (char,char)>)'에 대한 참조를 확인하세요.
C:\Users\ckdqj\OneDrive - 한양대학교\개인 연구\디버거\창보미의 디버겅\memoryFucker\memoryFucker\memoryFucker.cpp(385): message : 컴파일되는 함수 템플릿 인스턴스화 'void Hack::next_scan_with_multi_threading<char>(std::function<bool (char,char)>)'에 대한 참조를 확인하세요.
C:\Users\ckdqj\OneDrive - 한양대학교\개인 연구\디버거\창보미의 디버겅\memoryFucker\memoryFucker\memoryFucker.cpp(305,20): warning C4477: 'printf' : 서식 문자열 '%08x'에 'unsigned int' 형식의 인수가 필요하지만 variadic 인수 1의 형식이 'void *const '입니다.
C:\Users\ckdqj\OneDrive - 한양대학교\개인 연구\디버거\창보미의 디버겅\memoryFucker\memoryFucker\memoryFucker.cpp(329): message : 컴파일되는 함수 템플릿 인스턴스화 'std::pair<std::function<void (void)>,int> Hack::make_scan_job<T>(void *,void *,void *,std::function<bool (char,char)>,std::map<void *,std::vector<int,std::allocator<int>>,std::less<void *>,std::allocator<std::pair<void *const ,std::vector<int,std::allocator<int>>>>> &,int,int)'에 대한 참조를 확인하세요.
          with
          [
              T=char
          ]
C:\Users\ckdqj\OneDrive - 한양대학교\개인 연구\디버거\창보미의 디버겅\memoryFucker\memoryFucker\memoryFucker.cpp(271): message : 컴파일되는 함수 템플릿 인스턴스화 'std::vector<std::pair<std::function<void (void)>,int>,std::allocator<std::pair<std::function<void (void)>,int>>> Hack::make_second_scan_jobs<char>(std::map<void *,std::vector<int,std::allocator<int>>,std::less<void *>,std::allocator<std::pair<void *const ,std::vector<int,std::allocator<int>>>>> &,std::function<bool (char,char)>)'에 대한 참조를 확인하세요.
C:\Users\ckdqj\OneDrive - 한양대학교\개인 연구\디버거\창보미의 디버겅\memoryFucker\memoryFucker\memoryFucker.cpp(305,20): warning C4313: 'printf': 서식 문자열의 '%x'이(가) 인수 1('void *const ' 형식)과(와) 충돌합니다.
C:\Users\ckdqj\OneDrive - 한양대학교\개인 연구\디버거\창보미의 디버겅\memoryFucker\memoryFucker\memoryFucker.cpp(313,20): warning C4477: 'printf' : 서식 문자열 '%08x'에 'unsigned int' 형식의 인수가 필요하지만 variadic 인수 1의 형식이 'void *const '입니다.
C:\Users\ckdqj\OneDrive - 한양대학교\개인 연구\디버거\창보미의 디버겅\memoryFucker\memoryFucker\memoryFucker.cpp(313,20): warning C4313: 'printf': 서식 문자열의 '%x'이(가) 인수 1('void *const ' 형식)과(와) 충돌합니다.
  memoryFucker.vcxproj -> C:\Users\ckdqj\OneDrive - 한양대학교\개인 연구\디버거\창보미의 디버겅\memoryFucker\x64\Debug\memoryFucker.exe
